<?xml version="1.0" encoding="UTF-8"?>
<!-- Generated by org.testng.reporters.JUnitReportReporter -->
<testsuite hostname="mahesh-X555LF" failures="0" tests="1" name="com.utility.BaseClass" time="10.288" errors="0" timestamp="2023-02-02T21:05:32 IST" skipped="0">
  <testcase classname="com.utility.BaseClass" name="test4" time="10.288"/>
  <system-out/>
</testsuite> <!-- com.utility.BaseClass -->
